{"/Users/polinabelakaeva/Desktop/proj/frontend-project-46/src/buildTree.js": {"path":"/Users/polinabelakaeva/Desktop/proj/frontend-project-46/src/buildTree.js","all":false,"statementMap":{"0":{"start":{"line":1,"column":0},"end":{"line":1,"column":23}},"1":{"start":{"line":2,"column":0},"end":{"line":2,"column":0}},"2":{"start":{"line":3,"column":0},"end":{"line":3,"column":35}},"3":{"start":{"line":4,"column":0},"end":{"line":4,"column":29}},"4":{"start":{"line":5,"column":0},"end":{"line":5,"column":29}},"5":{"start":{"line":6,"column":0},"end":{"line":6,"column":53}},"6":{"start":{"line":7,"column":0},"end":{"line":7,"column":0}},"7":{"start":{"line":8,"column":0},"end":{"line":8,"column":43}},"8":{"start":{"line":9,"column":0},"end":{"line":9,"column":28}},"9":{"start":{"line":10,"column":0},"end":{"line":10,"column":54}},"10":{"start":{"line":11,"column":0},"end":{"line":11,"column":5}},"11":{"start":{"line":12,"column":0},"end":{"line":12,"column":28}},"12":{"start":{"line":13,"column":0},"end":{"line":13,"column":56}},"13":{"start":{"line":14,"column":0},"end":{"line":14,"column":5}},"14":{"start":{"line":15,"column":0},"end":{"line":15,"column":57}},"15":{"start":{"line":16,"column":0},"end":{"line":16,"column":80}},"16":{"start":{"line":17,"column":0},"end":{"line":17,"column":5}},"17":{"start":{"line":18,"column":0},"end":{"line":18,"column":34}},"18":{"start":{"line":19,"column":0},"end":{"line":19,"column":14}},"19":{"start":{"line":20,"column":0},"end":{"line":20,"column":12}},"20":{"start":{"line":21,"column":0},"end":{"line":21,"column":24}},"21":{"start":{"line":22,"column":0},"end":{"line":22,"column":26}},"22":{"start":{"line":23,"column":0},"end":{"line":23,"column":26}},"23":{"start":{"line":24,"column":0},"end":{"line":24,"column":8}},"24":{"start":{"line":25,"column":0},"end":{"line":25,"column":5}},"25":{"start":{"line":26,"column":0},"end":{"line":26,"column":0}},"26":{"start":{"line":27,"column":0},"end":{"line":27,"column":56}},"27":{"start":{"line":28,"column":0},"end":{"line":28,"column":5}},"28":{"start":{"line":29,"column":0},"end":{"line":29,"column":0}},"29":{"start":{"line":30,"column":0},"end":{"line":30,"column":17}},"30":{"start":{"line":31,"column":0},"end":{"line":31,"column":2}},"31":{"start":{"line":32,"column":0},"end":{"line":32,"column":0}},"32":{"start":{"line":33,"column":0},"end":{"line":33,"column":25}}},"s":{"0":1,"1":1,"2":1,"3":40,"4":40,"5":40,"6":40,"7":40,"8":144,"9":40,"10":40,"11":144,"12":16,"13":16,"14":144,"15":32,"16":32,"17":144,"18":32,"19":32,"20":32,"21":32,"22":32,"23":32,"24":32,"25":24,"26":24,"27":40,"28":40,"29":40,"30":40,"31":1,"32":1},"branchMap":{"0":{"type":"branch","line":3,"loc":{"start":{"line":3,"column":18},"end":{"line":31,"column":2}},"locations":[{"start":{"line":3,"column":18},"end":{"line":31,"column":2}}]},"1":{"type":"branch","line":8,"loc":{"start":{"line":8,"column":34},"end":{"line":28,"column":3}},"locations":[{"start":{"line":8,"column":34},"end":{"line":28,"column":3}}]},"2":{"type":"branch","line":9,"loc":{"start":{"line":9,"column":27},"end":{"line":11,"column":5}},"locations":[{"start":{"line":9,"column":27},"end":{"line":11,"column":5}}]},"3":{"type":"branch","line":11,"loc":{"start":{"line":11,"column":4},"end":{"line":12,"column":27}},"locations":[{"start":{"line":11,"column":4},"end":{"line":12,"column":27}}]},"4":{"type":"branch","line":12,"loc":{"start":{"line":12,"column":27},"end":{"line":14,"column":5}},"locations":[{"start":{"line":12,"column":27},"end":{"line":14,"column":5}}]},"5":{"type":"branch","line":14,"loc":{"start":{"line":14,"column":4},"end":{"line":15,"column":33}},"locations":[{"start":{"line":14,"column":4},"end":{"line":15,"column":33}}]},"6":{"type":"branch","line":15,"loc":{"start":{"line":15,"column":29},"end":{"line":15,"column":54}},"locations":[{"start":{"line":15,"column":29},"end":{"line":15,"column":54}}]},"7":{"type":"branch","line":15,"loc":{"start":{"line":15,"column":56},"end":{"line":17,"column":5}},"locations":[{"start":{"line":15,"column":56},"end":{"line":17,"column":5}}]},"8":{"type":"branch","line":17,"loc":{"start":{"line":17,"column":4},"end":{"line":18,"column":33}},"locations":[{"start":{"line":17,"column":4},"end":{"line":18,"column":33}}]},"9":{"type":"branch","line":18,"loc":{"start":{"line":18,"column":33},"end":{"line":25,"column":5}},"locations":[{"start":{"line":18,"column":33},"end":{"line":25,"column":5}}]},"10":{"type":"branch","line":25,"loc":{"start":{"line":25,"column":4},"end":{"line":28,"column":3}},"locations":[{"start":{"line":25,"column":4},"end":{"line":28,"column":3}}]}},"b":{"0":[40],"1":[144],"2":[40],"3":[104],"4":[16],"5":[88],"6":[40],"7":[32],"8":[56],"9":[32],"10":[24]},"fnMap":{"0":{"name":"buildTree","decl":{"start":{"line":3,"column":18},"end":{"line":31,"column":2}},"loc":{"start":{"line":3,"column":18},"end":{"line":31,"column":2}},"line":3}},"f":{"0":40}}
,"/Users/polinabelakaeva/Desktop/proj/frontend-project-46/src/genDiff.js": {"path":"/Users/polinabelakaeva/Desktop/proj/frontend-project-46/src/genDiff.js","all":false,"statementMap":{"0":{"start":{"line":1,"column":0},"end":{"line":1,"column":42}},"1":{"start":{"line":2,"column":0},"end":{"line":2,"column":36}},"2":{"start":{"line":3,"column":0},"end":{"line":3,"column":34}},"3":{"start":{"line":4,"column":0},"end":{"line":4,"column":24}},"4":{"start":{"line":5,"column":0},"end":{"line":5,"column":37}},"5":{"start":{"line":6,"column":0},"end":{"line":6,"column":39}},"6":{"start":{"line":7,"column":0},"end":{"line":7,"column":49}},"7":{"start":{"line":8,"column":0},"end":{"line":8,"column":0}},"8":{"start":{"line":9,"column":0},"end":{"line":9,"column":50}},"9":{"start":{"line":10,"column":0},"end":{"line":10,"column":37}},"10":{"start":{"line":11,"column":0},"end":{"line":11,"column":0}},"11":{"start":{"line":12,"column":0},"end":{"line":12,"column":74}},"12":{"start":{"line":13,"column":0},"end":{"line":13,"column":26}},"13":{"start":{"line":14,"column":0},"end":{"line":14,"column":14}},"14":{"start":{"line":15,"column":0},"end":{"line":15,"column":80}},"15":{"start":{"line":16,"column":0},"end":{"line":16,"column":4}},"16":{"start":{"line":17,"column":0},"end":{"line":17,"column":26}},"17":{"start":{"line":18,"column":0},"end":{"line":18,"column":14}},"18":{"start":{"line":19,"column":0},"end":{"line":19,"column":80}},"19":{"start":{"line":20,"column":0},"end":{"line":20,"column":4}},"20":{"start":{"line":21,"column":0},"end":{"line":21,"column":0}},"21":{"start":{"line":22,"column":0},"end":{"line":22,"column":42}},"22":{"start":{"line":23,"column":0},"end":{"line":23,"column":0}},"23":{"start":{"line":24,"column":0},"end":{"line":24,"column":43}},"24":{"start":{"line":25,"column":0},"end":{"line":25,"column":2}},"25":{"start":{"line":26,"column":0},"end":{"line":26,"column":0}},"26":{"start":{"line":27,"column":0},"end":{"line":27,"column":23}}},"s":{"0":1,"1":1,"2":1,"3":1,"4":1,"5":1,"6":1,"7":1,"8":1,"9":1,"10":1,"11":1,"12":8,"13":8,"14":8,"15":8,"16":8,"17":8,"18":8,"19":8,"20":8,"21":8,"22":8,"23":8,"24":8,"25":1,"26":1},"branchMap":{"0":{"type":"branch","line":12,"loc":{"start":{"line":12,"column":23},"end":{"line":25,"column":2}},"locations":[{"start":{"line":12,"column":23},"end":{"line":25,"column":2}}]}},"b":{"0":[8]},"fnMap":{"0":{"name":"genDiff","decl":{"start":{"line":12,"column":23},"end":{"line":25,"column":2}},"loc":{"start":{"line":12,"column":23},"end":{"line":25,"column":2}},"line":12}},"f":{"0":8}}
,"/Users/polinabelakaeva/Desktop/proj/frontend-project-46/src/helper.js": {"path":"/Users/polinabelakaeva/Desktop/proj/frontend-project-46/src/helper.js","all":false,"statementMap":{"0":{"start":{"line":1,"column":0},"end":{"line":1,"column":24}},"1":{"start":{"line":2,"column":0},"end":{"line":2,"column":34}},"2":{"start":{"line":3,"column":0},"end":{"line":3,"column":0}},"3":{"start":{"line":4,"column":0},"end":{"line":4,"column":52}},"4":{"start":{"line":5,"column":0},"end":{"line":5,"column":0}},"5":{"start":{"line":6,"column":0},"end":{"line":6,"column":63}},"6":{"start":{"line":7,"column":0},"end":{"line":7,"column":0}},"7":{"start":{"line":8,"column":0},"end":{"line":8,"column":58}},"8":{"start":{"line":9,"column":0},"end":{"line":9,"column":0}},"9":{"start":{"line":10,"column":0},"end":{"line":10,"column":42}}},"s":{"0":1,"1":1,"2":1,"3":1,"4":1,"5":1,"6":1,"7":1,"8":1,"9":1},"branchMap":{"0":{"type":"branch","line":4,"loc":{"start":{"line":4,"column":16},"end":{"line":4,"column":51}},"locations":[{"start":{"line":4,"column":16},"end":{"line":4,"column":51}}]}},"b":{"0":[2]},"fnMap":{"0":{"name":"getDir","decl":{"start":{"line":4,"column":16},"end":{"line":4,"column":51}},"loc":{"start":{"line":4,"column":16},"end":{"line":4,"column":51}},"line":4},"1":{"name":"readFile","decl":{"start":{"line":6,"column":18},"end":{"line":6,"column":62}},"loc":{"start":{"line":6,"column":18},"end":{"line":6,"column":62}},"line":6},"2":{"name":"getExtension","decl":{"start":{"line":8,"column":22},"end":{"line":8,"column":57}},"loc":{"start":{"line":8,"column":22},"end":{"line":8,"column":57}},"line":8}},"f":{"0":2,"1":0,"2":0}}
,"/Users/polinabelakaeva/Desktop/proj/frontend-project-46/src/parsers.js": {"path":"/Users/polinabelakaeva/Desktop/proj/frontend-project-46/src/parsers.js","all":false,"statementMap":{"0":{"start":{"line":1,"column":0},"end":{"line":1,"column":29}},"1":{"start":{"line":2,"column":0},"end":{"line":2,"column":27}},"2":{"start":{"line":3,"column":0},"end":{"line":3,"column":0}},"3":{"start":{"line":4,"column":0},"end":{"line":4,"column":39}},"4":{"start":{"line":5,"column":0},"end":{"line":5,"column":45}},"5":{"start":{"line":6,"column":0},"end":{"line":6,"column":0}},"6":{"start":{"line":7,"column":0},"end":{"line":7,"column":24}},"7":{"start":{"line":8,"column":0},"end":{"line":8,"column":21}},"8":{"start":{"line":9,"column":0},"end":{"line":9,"column":36}},"9":{"start":{"line":10,"column":0},"end":{"line":10,"column":21}},"10":{"start":{"line":11,"column":0},"end":{"line":11,"column":35}},"11":{"start":{"line":12,"column":0},"end":{"line":12,"column":20}},"12":{"start":{"line":13,"column":0},"end":{"line":13,"column":35}},"13":{"start":{"line":14,"column":0},"end":{"line":14,"column":16}},"14":{"start":{"line":15,"column":0},"end":{"line":15,"column":63}},"15":{"start":{"line":16,"column":0},"end":{"line":16,"column":5}},"16":{"start":{"line":17,"column":0},"end":{"line":17,"column":2}},"17":{"start":{"line":18,"column":0},"end":{"line":18,"column":0}},"18":{"start":{"line":19,"column":0},"end":{"line":19,"column":25}}},"s":{"0":1,"1":1,"2":1,"3":1,"4":16,"5":16,"6":16,"7":16,"8":8,"9":16,"10":4,"11":16,"12":4,"13":16,"14":0,"15":16,"16":16,"17":1,"18":1},"branchMap":{"0":{"type":"branch","line":4,"loc":{"start":{"line":4,"column":18},"end":{"line":17,"column":2}},"locations":[{"start":{"line":4,"column":18},"end":{"line":17,"column":2}}]},"1":{"type":"branch","line":8,"loc":{"start":{"line":8,"column":8},"end":{"line":9,"column":36}},"locations":[{"start":{"line":8,"column":8},"end":{"line":9,"column":36}}]},"2":{"type":"branch","line":10,"loc":{"start":{"line":10,"column":8},"end":{"line":11,"column":35}},"locations":[{"start":{"line":10,"column":8},"end":{"line":11,"column":35}}]},"3":{"type":"branch","line":12,"loc":{"start":{"line":12,"column":8},"end":{"line":13,"column":35}},"locations":[{"start":{"line":12,"column":8},"end":{"line":13,"column":35}}]},"4":{"type":"branch","line":14,"loc":{"start":{"line":14,"column":8},"end":{"line":15,"column":63}},"locations":[{"start":{"line":14,"column":8},"end":{"line":15,"column":63}}]}},"b":{"0":[16],"1":[8],"2":[4],"3":[4],"4":[0]},"fnMap":{"0":{"name":"parseFile","decl":{"start":{"line":4,"column":18},"end":{"line":17,"column":2}},"loc":{"start":{"line":4,"column":18},"end":{"line":17,"column":2}},"line":4}},"f":{"0":16}}
,"/Users/polinabelakaeva/Desktop/proj/frontend-project-46/src/formatters/index.js": {"path":"/Users/polinabelakaeva/Desktop/proj/frontend-project-46/src/formatters/index.js","all":false,"statementMap":{"0":{"start":{"line":1,"column":0},"end":{"line":1,"column":41}},"1":{"start":{"line":2,"column":0},"end":{"line":2,"column":37}},"2":{"start":{"line":3,"column":0},"end":{"line":3,"column":35}},"3":{"start":{"line":4,"column":0},"end":{"line":4,"column":0}},"4":{"start":{"line":5,"column":0},"end":{"line":5,"column":48}},"5":{"start":{"line":6,"column":0},"end":{"line":6,"column":23}},"6":{"start":{"line":7,"column":0},"end":{"line":7,"column":19}},"7":{"start":{"line":8,"column":0},"end":{"line":8,"column":37}},"8":{"start":{"line":9,"column":0},"end":{"line":9,"column":17}},"9":{"start":{"line":10,"column":0},"end":{"line":10,"column":35}},"10":{"start":{"line":11,"column":0},"end":{"line":11,"column":16}},"11":{"start":{"line":12,"column":0},"end":{"line":12,"column":34}},"12":{"start":{"line":13,"column":0},"end":{"line":13,"column":12}},"13":{"start":{"line":14,"column":0},"end":{"line":14,"column":63}},"14":{"start":{"line":15,"column":0},"end":{"line":15,"column":3}},"15":{"start":{"line":16,"column":0},"end":{"line":16,"column":2}},"16":{"start":{"line":17,"column":0},"end":{"line":17,"column":0}},"17":{"start":{"line":18,"column":0},"end":{"line":18,"column":28}}},"s":{"0":1,"1":1,"2":1,"3":1,"4":1,"5":8,"6":8,"7":4,"8":8,"9":2,"10":8,"11":2,"12":8,"13":0,"14":8,"15":8,"16":1,"17":1},"branchMap":{"0":{"type":"branch","line":5,"loc":{"start":{"line":5,"column":21},"end":{"line":16,"column":2}},"locations":[{"start":{"line":5,"column":21},"end":{"line":16,"column":2}}]},"1":{"type":"branch","line":7,"loc":{"start":{"line":7,"column":4},"end":{"line":8,"column":37}},"locations":[{"start":{"line":7,"column":4},"end":{"line":8,"column":37}}]},"2":{"type":"branch","line":9,"loc":{"start":{"line":9,"column":4},"end":{"line":10,"column":35}},"locations":[{"start":{"line":9,"column":4},"end":{"line":10,"column":35}}]},"3":{"type":"branch","line":11,"loc":{"start":{"line":11,"column":4},"end":{"line":12,"column":34}},"locations":[{"start":{"line":11,"column":4},"end":{"line":12,"column":34}}]},"4":{"type":"branch","line":13,"loc":{"start":{"line":13,"column":4},"end":{"line":14,"column":63}},"locations":[{"start":{"line":13,"column":4},"end":{"line":14,"column":63}}]}},"b":{"0":[8],"1":[4],"2":[2],"3":[2],"4":[0]},"fnMap":{"0":{"name":"chooseFormat","decl":{"start":{"line":5,"column":21},"end":{"line":16,"column":2}},"loc":{"start":{"line":5,"column":21},"end":{"line":16,"column":2}},"line":5}},"f":{"0":8}}
,"/Users/polinabelakaeva/Desktop/proj/frontend-project-46/src/formatters/json.js": {"path":"/Users/polinabelakaeva/Desktop/proj/frontend-project-46/src/formatters/json.js","all":false,"statementMap":{"0":{"start":{"line":1,"column":0},"end":{"line":1,"column":69}},"1":{"start":{"line":2,"column":0},"end":{"line":2,"column":0}},"2":{"start":{"line":3,"column":0},"end":{"line":3,"column":28}}},"s":{"0":1,"1":1,"2":1},"branchMap":{"0":{"type":"branch","line":1,"loc":{"start":{"line":1,"column":22},"end":{"line":1,"column":68}},"locations":[{"start":{"line":1,"column":22},"end":{"line":1,"column":68}}]}},"b":{"0":[2]},"fnMap":{"0":{"name":"jsonDiffTree","decl":{"start":{"line":1,"column":22},"end":{"line":1,"column":68}},"loc":{"start":{"line":1,"column":22},"end":{"line":1,"column":68}},"line":1}},"f":{"0":2}}
,"/Users/polinabelakaeva/Desktop/proj/frontend-project-46/src/formatters/plain.js": {"path":"/Users/polinabelakaeva/Desktop/proj/frontend-project-46/src/formatters/plain.js","all":false,"statementMap":{"0":{"start":{"line":1,"column":0},"end":{"line":1,"column":23}},"1":{"start":{"line":2,"column":0},"end":{"line":2,"column":0}},"2":{"start":{"line":3,"column":0},"end":{"line":3,"column":43}},"3":{"start":{"line":4,"column":0},"end":{"line":4,"column":26}},"4":{"start":{"line":5,"column":0},"end":{"line":5,"column":29}},"5":{"start":{"line":6,"column":0},"end":{"line":6,"column":3}},"6":{"start":{"line":7,"column":0},"end":{"line":7,"column":34}},"7":{"start":{"line":8,"column":0},"end":{"line":8,"column":24}},"8":{"start":{"line":9,"column":0},"end":{"line":9,"column":3}},"9":{"start":{"line":10,"column":0},"end":{"line":10,"column":0}},"10":{"start":{"line":11,"column":0},"end":{"line":11,"column":23}},"11":{"start":{"line":12,"column":0},"end":{"line":12,"column":2}},"12":{"start":{"line":13,"column":0},"end":{"line":13,"column":0}},"13":{"start":{"line":14,"column":0},"end":{"line":14,"column":37}},"14":{"start":{"line":15,"column":0},"end":{"line":15,"column":37}},"15":{"start":{"line":16,"column":0},"end":{"line":16,"column":42}},"16":{"start":{"line":17,"column":0},"end":{"line":17,"column":33}},"17":{"start":{"line":18,"column":0},"end":{"line":18,"column":37}},"18":{"start":{"line":19,"column":0},"end":{"line":19,"column":70}},"19":{"start":{"line":20,"column":0},"end":{"line":20,"column":0}},"20":{"start":{"line":21,"column":0},"end":{"line":21,"column":21}},"21":{"start":{"line":22,"column":0},"end":{"line":22,"column":22}},"22":{"start":{"line":23,"column":0},"end":{"line":23,"column":50}},"23":{"start":{"line":24,"column":0},"end":{"line":24,"column":21}},"24":{"start":{"line":25,"column":0},"end":{"line":25,"column":91}},"25":{"start":{"line":26,"column":0},"end":{"line":26,"column":22}},"26":{"start":{"line":27,"column":0},"end":{"line":27,"column":14}},"27":{"start":{"line":28,"column":0},"end":{"line":28,"column":23}},"28":{"start":{"line":29,"column":0},"end":{"line":29,"column":57}},"29":{"start":{"line":30,"column":0},"end":{"line":30,"column":23}},"30":{"start":{"line":31,"column":0},"end":{"line":31,"column":87}},"31":{"start":{"line":32,"column":0},"end":{"line":32,"column":23}},"32":{"start":{"line":33,"column":0},"end":{"line":33,"column":56}},"33":{"start":{"line":34,"column":0},"end":{"line":34,"column":25}},"34":{"start":{"line":35,"column":0},"end":{"line":35,"column":20}},"35":{"start":{"line":36,"column":0},"end":{"line":36,"column":16}},"36":{"start":{"line":37,"column":0},"end":{"line":37,"column":58}},"37":{"start":{"line":38,"column":0},"end":{"line":38,"column":7}},"38":{"start":{"line":39,"column":0},"end":{"line":39,"column":7}},"39":{"start":{"line":40,"column":0},"end":{"line":40,"column":0}},"40":{"start":{"line":41,"column":0},"end":{"line":41,"column":28}},"41":{"start":{"line":42,"column":0},"end":{"line":42,"column":4}},"42":{"start":{"line":43,"column":0},"end":{"line":43,"column":0}},"43":{"start":{"line":44,"column":0},"end":{"line":44,"column":24}},"44":{"start":{"line":45,"column":0},"end":{"line":45,"column":2}},"45":{"start":{"line":46,"column":0},"end":{"line":46,"column":0}},"46":{"start":{"line":47,"column":0},"end":{"line":47,"column":29}}},"s":{"0":1,"1":1,"2":1,"3":26,"4":6,"5":6,"6":26,"7":14,"8":14,"9":6,"10":6,"11":6,"12":1,"13":1,"14":2,"15":10,"16":36,"17":36,"18":36,"19":36,"20":36,"21":36,"22":8,"23":36,"24":10,"25":10,"26":10,"27":36,"28":4,"29":36,"30":8,"31":8,"32":8,"33":36,"34":6,"35":36,"36":0,"37":36,"38":10,"39":10,"40":10,"41":2,"42":2,"43":2,"44":2,"45":1,"46":1},"branchMap":{"0":{"type":"branch","line":3,"loc":{"start":{"line":3,"column":32},"end":{"line":12,"column":2}},"locations":[{"start":{"line":3,"column":32},"end":{"line":12,"column":2}}]},"1":{"type":"branch","line":4,"loc":{"start":{"line":4,"column":25},"end":{"line":6,"column":3}},"locations":[{"start":{"line":4,"column":25},"end":{"line":6,"column":3}}]},"2":{"type":"branch","line":6,"loc":{"start":{"line":6,"column":2},"end":{"line":7,"column":33}},"locations":[{"start":{"line":6,"column":2},"end":{"line":7,"column":33}}]},"3":{"type":"branch","line":7,"loc":{"start":{"line":7,"column":33},"end":{"line":9,"column":3}},"locations":[{"start":{"line":7,"column":33},"end":{"line":9,"column":3}}]},"4":{"type":"branch","line":9,"loc":{"start":{"line":9,"column":2},"end":{"line":12,"column":2}},"locations":[{"start":{"line":9,"column":2},"end":{"line":12,"column":2}}]},"5":{"type":"branch","line":14,"loc":{"start":{"line":14,"column":23},"end":{"line":45,"column":2}},"locations":[{"start":{"line":14,"column":23},"end":{"line":45,"column":2}}]},"6":{"type":"branch","line":15,"loc":{"start":{"line":15,"column":15},"end":{"line":42,"column":3}},"locations":[{"start":{"line":15,"column":15},"end":{"line":42,"column":3}}]},"7":{"type":"branch","line":16,"loc":{"start":{"line":16,"column":32},"end":{"line":39,"column":5}},"locations":[{"start":{"line":16,"column":32},"end":{"line":39,"column":5}}]},"8":{"type":"branch","line":19,"loc":{"start":{"line":19,"column":39},"end":{"line":19,"column":49}},"locations":[{"start":{"line":19,"column":39},"end":{"line":19,"column":49}}]},"9":{"type":"branch","line":19,"loc":{"start":{"line":19,"column":49},"end":{"line":19,"column":69}},"locations":[{"start":{"line":19,"column":49},"end":{"line":19,"column":69}}]},"10":{"type":"branch","line":22,"loc":{"start":{"line":22,"column":8},"end":{"line":23,"column":50}},"locations":[{"start":{"line":22,"column":8},"end":{"line":23,"column":50}}]},"11":{"type":"branch","line":24,"loc":{"start":{"line":24,"column":8},"end":{"line":27,"column":14}},"locations":[{"start":{"line":24,"column":8},"end":{"line":27,"column":14}}]},"12":{"type":"branch","line":28,"loc":{"start":{"line":28,"column":8},"end":{"line":29,"column":57}},"locations":[{"start":{"line":28,"column":8},"end":{"line":29,"column":57}}]},"13":{"type":"branch","line":30,"loc":{"start":{"line":30,"column":8},"end":{"line":33,"column":56}},"locations":[{"start":{"line":30,"column":8},"end":{"line":33,"column":56}}]},"14":{"type":"branch","line":34,"loc":{"start":{"line":34,"column":8},"end":{"line":35,"column":20}},"locations":[{"start":{"line":34,"column":8},"end":{"line":35,"column":20}}]},"15":{"type":"branch","line":36,"loc":{"start":{"line":36,"column":8},"end":{"line":37,"column":58}},"locations":[{"start":{"line":36,"column":8},"end":{"line":37,"column":58}}]}},"b":{"0":[26],"1":[6],"2":[20],"3":[14],"4":[6],"5":[2],"6":[10],"7":[36],"8":[8],"9":[28],"10":[8],"11":[10],"12":[4],"13":[8],"14":[6],"15":[0]},"fnMap":{"0":{"name":"checkValueForCompexity","decl":{"start":{"line":3,"column":32},"end":{"line":12,"column":2}},"loc":{"start":{"line":3,"column":32},"end":{"line":12,"column":2}},"line":3},"1":{"name":"plainDiffTree","decl":{"start":{"line":14,"column":23},"end":{"line":45,"column":2}},"loc":{"start":{"line":14,"column":23},"end":{"line":45,"column":2}},"line":14},"2":{"name":"iter","decl":{"start":{"line":15,"column":15},"end":{"line":42,"column":3}},"loc":{"start":{"line":15,"column":15},"end":{"line":42,"column":3}},"line":15}},"f":{"0":26,"1":2,"2":10}}
,"/Users/polinabelakaeva/Desktop/proj/frontend-project-46/src/formatters/stylish.js": {"path":"/Users/polinabelakaeva/Desktop/proj/frontend-project-46/src/formatters/stylish.js","all":false,"statementMap":{"0":{"start":{"line":1,"column":0},"end":{"line":1,"column":23}},"1":{"start":{"line":2,"column":0},"end":{"line":2,"column":0}},"2":{"start":{"line":3,"column":0},"end":{"line":3,"column":61}},"3":{"start":{"line":4,"column":0},"end":{"line":4,"column":43}},"4":{"start":{"line":5,"column":0},"end":{"line":5,"column":68}},"5":{"start":{"line":6,"column":0},"end":{"line":6,"column":53}},"6":{"start":{"line":7,"column":0},"end":{"line":7,"column":0}},"7":{"start":{"line":8,"column":0},"end":{"line":8,"column":36}},"8":{"start":{"line":9,"column":0},"end":{"line":9,"column":26}},"9":{"start":{"line":10,"column":0},"end":{"line":10,"column":24}},"10":{"start":{"line":11,"column":0},"end":{"line":11,"column":3}},"11":{"start":{"line":12,"column":0},"end":{"line":12,"column":34}},"12":{"start":{"line":13,"column":0},"end":{"line":13,"column":28}},"13":{"start":{"line":14,"column":0},"end":{"line":14,"column":21}},"14":{"start":{"line":15,"column":0},"end":{"line":15,"column":67}},"15":{"start":{"line":16,"column":0},"end":{"line":16,"column":4}},"16":{"start":{"line":17,"column":0},"end":{"line":17,"column":0}},"17":{"start":{"line":18,"column":0},"end":{"line":18,"column":67}},"18":{"start":{"line":19,"column":0},"end":{"line":19,"column":2}},"19":{"start":{"line":20,"column":0},"end":{"line":20,"column":0}},"20":{"start":{"line":21,"column":0},"end":{"line":21,"column":39}},"21":{"start":{"line":22,"column":0},"end":{"line":22,"column":33}},"22":{"start":{"line":23,"column":0},"end":{"line":23,"column":38}},"23":{"start":{"line":24,"column":0},"end":{"line":24,"column":33}},"24":{"start":{"line":25,"column":0},"end":{"line":25,"column":0}},"25":{"start":{"line":26,"column":0},"end":{"line":26,"column":21}},"26":{"start":{"line":27,"column":0},"end":{"line":27,"column":22}},"27":{"start":{"line":28,"column":0},"end":{"line":28,"column":54}},"28":{"start":{"line":29,"column":0},"end":{"line":29,"column":26}},"29":{"start":{"line":30,"column":0},"end":{"line":30,"column":21}},"30":{"start":{"line":31,"column":0},"end":{"line":31,"column":14}},"31":{"start":{"line":32,"column":0},"end":{"line":32,"column":21}},"32":{"start":{"line":33,"column":0},"end":{"line":33,"column":59}},"33":{"start":{"line":34,"column":0},"end":{"line":34,"column":23}},"34":{"start":{"line":35,"column":0},"end":{"line":35,"column":21}},"35":{"start":{"line":36,"column":0},"end":{"line":36,"column":14}},"36":{"start":{"line":37,"column":0},"end":{"line":37,"column":23}},"37":{"start":{"line":38,"column":0},"end":{"line":38,"column":59}},"38":{"start":{"line":39,"column":0},"end":{"line":39,"column":23}},"39":{"start":{"line":40,"column":0},"end":{"line":40,"column":21}},"40":{"start":{"line":41,"column":0},"end":{"line":41,"column":14}},"41":{"start":{"line":42,"column":0},"end":{"line":42,"column":23}},"42":{"start":{"line":43,"column":0},"end":{"line":43,"column":59}},"43":{"start":{"line":44,"column":0},"end":{"line":44,"column":24}},"44":{"start":{"line":45,"column":0},"end":{"line":45,"column":21}},"45":{"start":{"line":46,"column":0},"end":{"line":46,"column":55}},"46":{"start":{"line":47,"column":0},"end":{"line":47,"column":24}},"47":{"start":{"line":48,"column":0},"end":{"line":48,"column":21}},"48":{"start":{"line":49,"column":0},"end":{"line":49,"column":14}},"49":{"start":{"line":50,"column":0},"end":{"line":50,"column":25}},"50":{"start":{"line":51,"column":0},"end":{"line":51,"column":59}},"51":{"start":{"line":52,"column":0},"end":{"line":52,"column":23}},"52":{"start":{"line":53,"column":0},"end":{"line":53,"column":21}},"53":{"start":{"line":54,"column":0},"end":{"line":54,"column":14}},"54":{"start":{"line":55,"column":0},"end":{"line":55,"column":16}},"55":{"start":{"line":56,"column":0},"end":{"line":56,"column":58}},"56":{"start":{"line":57,"column":0},"end":{"line":57,"column":7}},"57":{"start":{"line":58,"column":0},"end":{"line":58,"column":7}},"58":{"start":{"line":59,"column":0},"end":{"line":59,"column":0}},"59":{"start":{"line":60,"column":0},"end":{"line":60,"column":69}},"60":{"start":{"line":61,"column":0},"end":{"line":61,"column":4}},"61":{"start":{"line":62,"column":0},"end":{"line":62,"column":0}},"62":{"start":{"line":63,"column":0},"end":{"line":63,"column":27}},"63":{"start":{"line":64,"column":0},"end":{"line":64,"column":2}},"64":{"start":{"line":65,"column":0},"end":{"line":65,"column":0}},"65":{"start":{"line":66,"column":0},"end":{"line":66,"column":31}}},"s":{"0":1,"1":1,"2":1,"3":1,"4":1,"5":1,"6":1,"7":1,"8":108,"9":80,"10":80,"11":28,"12":28,"13":28,"14":36,"15":28,"16":28,"17":28,"18":28,"19":1,"20":1,"21":4,"22":20,"23":72,"24":72,"25":72,"26":72,"27":16,"28":16,"29":16,"30":16,"31":72,"32":20,"33":20,"34":20,"35":20,"36":72,"37":8,"38":8,"39":8,"40":8,"41":72,"42":16,"43":16,"44":16,"45":16,"46":16,"47":16,"48":16,"49":72,"50":12,"51":12,"52":12,"53":12,"54":72,"55":0,"56":72,"57":20,"58":20,"59":20,"60":4,"61":4,"62":4,"63":4,"64":1,"65":1},"branchMap":{"0":{"type":"branch","line":3,"loc":{"start":{"line":3,"column":18},"end":{"line":4,"column":42}},"locations":[{"start":{"line":3,"column":18},"end":{"line":4,"column":42}}]},"1":{"type":"branch","line":5,"loc":{"start":{"line":5,"column":25},"end":{"line":6,"column":52}},"locations":[{"start":{"line":5,"column":25},"end":{"line":6,"column":52}}]},"2":{"type":"branch","line":8,"loc":{"start":{"line":8,"column":18},"end":{"line":19,"column":2}},"locations":[{"start":{"line":8,"column":18},"end":{"line":19,"column":2}}]},"3":{"type":"branch","line":9,"loc":{"start":{"line":9,"column":25},"end":{"line":11,"column":3}},"locations":[{"start":{"line":9,"column":25},"end":{"line":11,"column":3}}]},"4":{"type":"branch","line":11,"loc":{"start":{"line":11,"column":2},"end":{"line":19,"column":2}},"locations":[{"start":{"line":11,"column":2},"end":{"line":19,"column":2}}]},"5":{"type":"branch","line":14,"loc":{"start":{"line":14,"column":4},"end":{"line":15,"column":67}},"locations":[{"start":{"line":14,"column":4},"end":{"line":15,"column":67}}]},"6":{"type":"branch","line":21,"loc":{"start":{"line":21,"column":25},"end":{"line":64,"column":2}},"locations":[{"start":{"line":21,"column":25},"end":{"line":64,"column":2}}]},"7":{"type":"branch","line":22,"loc":{"start":{"line":22,"column":15},"end":{"line":61,"column":3}},"locations":[{"start":{"line":22,"column":15},"end":{"line":61,"column":3}}]},"8":{"type":"branch","line":23,"loc":{"start":{"line":23,"column":28},"end":{"line":58,"column":5}},"locations":[{"start":{"line":23,"column":28},"end":{"line":58,"column":5}}]},"9":{"type":"branch","line":27,"loc":{"start":{"line":27,"column":8},"end":{"line":31,"column":14}},"locations":[{"start":{"line":27,"column":8},"end":{"line":31,"column":14}}]},"10":{"type":"branch","line":32,"loc":{"start":{"line":32,"column":8},"end":{"line":36,"column":14}},"locations":[{"start":{"line":32,"column":8},"end":{"line":36,"column":14}}]},"11":{"type":"branch","line":37,"loc":{"start":{"line":37,"column":8},"end":{"line":41,"column":14}},"locations":[{"start":{"line":37,"column":8},"end":{"line":41,"column":14}}]},"12":{"type":"branch","line":42,"loc":{"start":{"line":42,"column":8},"end":{"line":49,"column":14}},"locations":[{"start":{"line":42,"column":8},"end":{"line":49,"column":14}}]},"13":{"type":"branch","line":50,"loc":{"start":{"line":50,"column":8},"end":{"line":54,"column":14}},"locations":[{"start":{"line":50,"column":8},"end":{"line":54,"column":14}}]},"14":{"type":"branch","line":55,"loc":{"start":{"line":55,"column":8},"end":{"line":56,"column":58}},"locations":[{"start":{"line":55,"column":8},"end":{"line":56,"column":58}}]}},"b":{"0":[124],"1":[48],"2":[108],"3":[80],"4":[28],"5":[36],"6":[4],"7":[20],"8":[72],"9":[16],"10":[20],"11":[8],"12":[16],"13":[12],"14":[0]},"fnMap":{"0":{"name":"getIndent","decl":{"start":{"line":3,"column":18},"end":{"line":4,"column":42}},"loc":{"start":{"line":3,"column":18},"end":{"line":4,"column":42}},"line":3},"1":{"name":"getBracketIndent","decl":{"start":{"line":5,"column":25},"end":{"line":6,"column":52}},"loc":{"start":{"line":5,"column":25},"end":{"line":6,"column":52}},"line":5},"2":{"name":"stringify","decl":{"start":{"line":8,"column":18},"end":{"line":19,"column":2}},"loc":{"start":{"line":8,"column":18},"end":{"line":19,"column":2}},"line":8},"3":{"name":"stylishDiffTree","decl":{"start":{"line":21,"column":25},"end":{"line":64,"column":2}},"loc":{"start":{"line":21,"column":25},"end":{"line":64,"column":2}},"line":21},"4":{"name":"iter","decl":{"start":{"line":22,"column":15},"end":{"line":61,"column":3}},"loc":{"start":{"line":22,"column":15},"end":{"line":61,"column":3}},"line":22}},"f":{"0":124,"1":48,"2":108,"3":4,"4":20}}
}
