TN:
SF:src/buildTree.js
FN:3,buildTree
FNF:1
FNH:1
FNDA:40,buildTree
DA:1,1
DA:2,1
DA:3,1
DA:4,40
DA:5,40
DA:6,40
DA:7,40
DA:8,40
DA:9,144
DA:10,40
DA:11,40
DA:12,144
DA:13,16
DA:14,16
DA:15,144
DA:16,32
DA:17,32
DA:18,144
DA:19,32
DA:20,32
DA:21,32
DA:22,32
DA:23,32
DA:24,32
DA:25,32
DA:26,24
DA:27,24
DA:28,40
DA:29,40
DA:30,40
DA:31,40
DA:32,1
DA:33,1
LF:33
LH:33
BRDA:3,0,0,40
BRDA:8,1,0,144
BRDA:9,2,0,40
BRDA:11,3,0,104
BRDA:12,4,0,16
BRDA:14,5,0,88
BRDA:15,6,0,40
BRDA:15,7,0,32
BRDA:17,8,0,56
BRDA:18,9,0,32
BRDA:25,10,0,24
BRF:11
BRH:11
end_of_record
TN:
SF:src/genDiff.js
FN:12,genDiff
FNF:1
FNH:1
FNDA:8,genDiff
DA:1,1
DA:2,1
DA:3,1
DA:4,1
DA:5,1
DA:6,1
DA:7,1
DA:8,1
DA:9,1
DA:10,1
DA:11,1
DA:12,1
DA:13,8
DA:14,8
DA:15,8
DA:16,8
DA:17,8
DA:18,8
DA:19,8
DA:20,8
DA:21,8
DA:22,8
DA:23,8
DA:24,8
DA:25,8
DA:26,1
DA:27,1
LF:27
LH:27
BRDA:12,0,0,8
BRF:1
BRH:1
end_of_record
TN:
SF:src/helper.js
FN:4,getDir
FN:6,readFile
FN:8,getExtension
FNF:3
FNH:1
FNDA:2,getDir
FNDA:0,readFile
FNDA:0,getExtension
DA:1,1
DA:2,1
DA:3,1
DA:4,1
DA:5,1
DA:6,1
DA:7,1
DA:8,1
DA:9,1
DA:10,1
LF:10
LH:10
BRDA:4,0,0,2
BRF:1
BRH:1
end_of_record
TN:
SF:src/parsers.js
FN:4,parseFile
FNF:1
FNH:1
FNDA:16,parseFile
DA:1,1
DA:2,1
DA:3,1
DA:4,1
DA:5,16
DA:6,16
DA:7,16
DA:8,16
DA:9,8
DA:10,16
DA:11,4
DA:12,16
DA:13,4
DA:14,16
DA:15,0
DA:16,16
DA:17,16
DA:18,1
DA:19,1
LF:19
LH:18
BRDA:4,0,0,16
BRDA:8,1,0,8
BRDA:10,2,0,4
BRDA:12,3,0,4
BRDA:14,4,0,0
BRF:5
BRH:4
end_of_record
TN:
SF:src/formatters/index.js
FN:5,chooseFormat
FNF:1
FNH:1
FNDA:8,chooseFormat
DA:1,1
DA:2,1
DA:3,1
DA:4,1
DA:5,1
DA:6,8
DA:7,8
DA:8,4
DA:9,8
DA:10,2
DA:11,8
DA:12,2
DA:13,8
DA:14,0
DA:15,8
DA:16,8
DA:17,1
DA:18,1
LF:18
LH:17
BRDA:5,0,0,8
BRDA:7,1,0,4
BRDA:9,2,0,2
BRDA:11,3,0,2
BRDA:13,4,0,0
BRF:5
BRH:4
end_of_record
TN:
SF:src/formatters/json.js
FN:1,jsonDiffTree
FNF:1
FNH:1
FNDA:2,jsonDiffTree
DA:1,1
DA:2,1
DA:3,1
LF:3
LH:3
BRDA:1,0,0,2
BRF:1
BRH:1
end_of_record
TN:
SF:src/formatters/plain.js
FN:3,checkValueForCompexity
FN:14,plainDiffTree
FN:15,iter
FNF:3
FNH:3
FNDA:26,checkValueForCompexity
FNDA:2,plainDiffTree
FNDA:10,iter
DA:1,1
DA:2,1
DA:3,1
DA:4,26
DA:5,6
DA:6,6
DA:7,26
DA:8,14
DA:9,14
DA:10,6
DA:11,6
DA:12,6
DA:13,1
DA:14,1
DA:15,2
DA:16,10
DA:17,36
DA:18,36
DA:19,36
DA:20,36
DA:21,36
DA:22,36
DA:23,8
DA:24,36
DA:25,10
DA:26,10
DA:27,10
DA:28,36
DA:29,4
DA:30,36
DA:31,8
DA:32,8
DA:33,8
DA:34,36
DA:35,6
DA:36,36
DA:37,0
DA:38,36
DA:39,10
DA:40,10
DA:41,10
DA:42,2
DA:43,2
DA:44,2
DA:45,2
DA:46,1
DA:47,1
LF:47
LH:46
BRDA:3,0,0,26
BRDA:4,1,0,6
BRDA:6,2,0,20
BRDA:7,3,0,14
BRDA:9,4,0,6
BRDA:14,5,0,2
BRDA:15,6,0,10
BRDA:16,7,0,36
BRDA:19,8,0,8
BRDA:19,9,0,28
BRDA:22,10,0,8
BRDA:24,11,0,10
BRDA:28,12,0,4
BRDA:30,13,0,8
BRDA:34,14,0,6
BRDA:36,15,0,0
BRF:16
BRH:15
end_of_record
TN:
SF:src/formatters/stylish.js
FN:3,getIndent
FN:5,getBracketIndent
FN:8,stringify
FN:21,stylishDiffTree
FN:22,iter
FNF:5
FNH:5
FNDA:124,getIndent
FNDA:48,getBracketIndent
FNDA:108,stringify
FNDA:4,stylishDiffTree
FNDA:20,iter
DA:1,1
DA:2,1
DA:3,1
DA:4,1
DA:5,1
DA:6,1
DA:7,1
DA:8,1
DA:9,108
DA:10,80
DA:11,80
DA:12,28
DA:13,28
DA:14,28
DA:15,36
DA:16,28
DA:17,28
DA:18,28
DA:19,28
DA:20,1
DA:21,1
DA:22,4
DA:23,20
DA:24,72
DA:25,72
DA:26,72
DA:27,72
DA:28,16
DA:29,16
DA:30,16
DA:31,16
DA:32,72
DA:33,20
DA:34,20
DA:35,20
DA:36,20
DA:37,72
DA:38,8
DA:39,8
DA:40,8
DA:41,8
DA:42,72
DA:43,16
DA:44,16
DA:45,16
DA:46,16
DA:47,16
DA:48,16
DA:49,16
DA:50,72
DA:51,12
DA:52,12
DA:53,12
DA:54,12
DA:55,72
DA:56,0
DA:57,72
DA:58,20
DA:59,20
DA:60,20
DA:61,4
DA:62,4
DA:63,4
DA:64,4
DA:65,1
DA:66,1
LF:66
LH:65
BRDA:3,0,0,124
BRDA:5,1,0,48
BRDA:8,2,0,108
BRDA:9,3,0,80
BRDA:11,4,0,28
BRDA:14,5,0,36
BRDA:21,6,0,4
BRDA:22,7,0,20
BRDA:23,8,0,72
BRDA:27,9,0,16
BRDA:32,10,0,20
BRDA:37,11,0,8
BRDA:42,12,0,16
BRDA:50,13,0,12
BRDA:55,14,0,0
BRF:15
BRH:14
end_of_record
